[06-Sep-2018 18:15:43 UTC] PHP Parse error:  syntax error, unexpected '}' in /home/ubuntu/workspace/cst352/labs/lab2/777/index.php on line 13
[06-Sep-2018 18:15:45 UTC] PHP Parse error:  syntax error, unexpected '}' in /home/ubuntu/workspace/cst352/labs/lab2/777/index.php on line 13
[06-Sep-2018 18:16:20 UTC] PHP Parse error:  syntax error, unexpected '}' in /home/ubuntu/workspace/cst352/labs/lab2/777/index.php on line 13
[06-Sep-2018 18:16:22 UTC] PHP Parse error:  syntax error, unexpected '}' in /home/ubuntu/workspace/cst352/labs/lab2/777/index.php on line 13
[06-Sep-2018 18:17:06 UTC] PHP Parse error:  syntax error, unexpected '}' in /home/ubuntu/workspace/cst352/labs/lab2/777/index.php on line 13
[06-Sep-2018 18:17:07 UTC] PHP Parse error:  syntax error, unexpected '}' in /home/ubuntu/workspace/cst352/labs/lab2/777/index.php on line 13
[06-Sep-2018 18:17:08 UTC] PHP Parse error:  syntax error, unexpected '}' in /home/ubuntu/workspace/cst352/labs/lab2/777/index.php on line 13
[06-Sep-2018 18:17:08 UTC] PHP Parse error:  syntax error, unexpected '}' in /home/ubuntu/workspace/cst352/labs/lab2/777/index.php on line 13
[06-Sep-2018 18:17:48 UTC] PHP Parse error:  syntax error, unexpected '}' in /home/ubuntu/workspace/cst352/labs/lab2/777/index.php on line 13
[06-Sep-2018 18:17:50 UTC] PHP Parse error:  syntax error, unexpected '}' in /home/ubuntu/workspace/cst352/labs/lab2/777/index.php on line 13
[06-Sep-2018 18:17:50 UTC] PHP Parse error:  syntax error, unexpected '}' in /home/ubuntu/workspace/cst352/labs/lab2/777/index.php on line 13
[06-Sep-2018 18:17:51 UTC] PHP Parse error:  syntax error, unexpected '}' in /home/ubuntu/workspace/cst352/labs/lab2/777/index.php on line 13
[06-Sep-2018 18:18:25 UTC] PHP Parse error:  syntax error, unexpected '}' in /home/ubuntu/workspace/cst352/labs/lab2/777/index.php on line 13
[06-Sep-2018 18:18:40 UTC] PHP Parse error:  syntax error, unexpected '}' in /home/ubuntu/workspace/cst352/labs/lab2/777/index.php on line 13
[06-Sep-2018 18:19:48 UTC] PHP Parse error:  syntax error, unexpected '}' in /home/ubuntu/workspace/cst352/labs/lab2/777/index.php on line 13
[06-Sep-2018 18:28:59 UTC] PHP Parse error:  syntax error, unexpected '}' in /home/ubuntu/workspace/cst352/labs/lab2/777/index.php on line 15
[06-Sep-2018 18:29:01 UTC] PHP Parse error:  syntax error, unexpected '}' in /home/ubuntu/workspace/cst352/labs/lab2/777/index.php on line 15
[06-Sep-2018 18:29:01 UTC] PHP Parse error:  syntax error, unexpected '}' in /home/ubuntu/workspace/cst352/labs/lab2/777/index.php on line 15
[06-Sep-2018 18:29:02 UTC] PHP Parse error:  syntax error, unexpected '}' in /home/ubuntu/workspace/cst352/labs/lab2/777/index.php on line 15
[06-Sep-2018 18:29:36 UTC] PHP Parse error:  syntax error, unexpected '}', expecting ',' or ';' in /home/ubuntu/workspace/cst352/labs/lab2/777/index.php on line 26
[06-Sep-2018 18:29:37 UTC] PHP Parse error:  syntax error, unexpected '}', expecting ',' or ';' in /home/ubuntu/workspace/cst352/labs/lab2/777/index.php on line 26
[06-Sep-2018 18:29:56 UTC] PHP Parse error:  syntax error, unexpected '}', expecting ',' or ';' in /home/ubuntu/workspace/cst352/labs/lab2/777/index.php on line 26
[06-Sep-2018 18:29:57 UTC] PHP Parse error:  syntax error, unexpected '}', expecting ',' or ';' in /home/ubuntu/workspace/cst352/labs/lab2/777/index.php on line 26
[06-Sep-2018 18:30:17 UTC] PHP Parse error:  syntax error, unexpected '}', expecting ',' or ';' in /home/ubuntu/workspace/cst352/labs/lab2/777/index.php on line 26
[06-Sep-2018 18:30:18 UTC] PHP Parse error:  syntax error, unexpected '}', expecting ',' or ';' in /home/ubuntu/workspace/cst352/labs/lab2/777/index.php on line 26
[13-Sep-2018 23:22:09 UTC] PHP Parse error:  syntax error, unexpected '$random_img2' (T_VARIABLE) in /home/ubuntu/workspace/cst352/labs/lab2/777/index.php on line 11
[13-Sep-2018 23:22:10 UTC] PHP Parse error:  syntax error, unexpected '$random_img2' (T_VARIABLE) in /home/ubuntu/workspace/cst352/labs/lab2/777/index.php on line 11
[13-Sep-2018 23:23:30 UTC] PHP Warning:  Missing argument 1 for victory(), called in /home/ubuntu/workspace/cst352/labs/lab2/777/index.php on line 33 and defined in /home/ubuntu/workspace/cst352/labs/lab2/777/index.php on line 16
[13-Sep-2018 23:23:30 UTC] PHP Stack trace:
[13-Sep-2018 23:23:30 UTC] PHP   1. {main}() /home/ubuntu/workspace/cst352/labs/lab2/777/index.php:0
[13-Sep-2018 23:23:30 UTC] PHP   2. victory() /home/ubuntu/workspace/cst352/labs/lab2/777/index.php:33
[13-Sep-2018 23:23:52 UTC] PHP Warning:  Missing argument 1 for victory(), called in /home/ubuntu/workspace/cst352/labs/lab2/777/index.php on line 33 and defined in /home/ubuntu/workspace/cst352/labs/lab2/777/index.php on line 16
[13-Sep-2018 23:23:52 UTC] PHP Stack trace:
[13-Sep-2018 23:23:52 UTC] PHP   1. {main}() /home/ubuntu/workspace/cst352/labs/lab2/777/index.php:0
[13-Sep-2018 23:23:52 UTC] PHP   2. victory() /home/ubuntu/workspace/cst352/labs/lab2/777/index.php:33
[13-Sep-2018 23:23:53 UTC] PHP Warning:  Missing argument 1 for victory(), called in /home/ubuntu/workspace/cst352/labs/lab2/777/index.php on line 33 and defined in /home/ubuntu/workspace/cst352/labs/lab2/777/index.php on line 16
[13-Sep-2018 23:23:53 UTC] PHP Stack trace:
[13-Sep-2018 23:23:53 UTC] PHP   1. {main}() /home/ubuntu/workspace/cst352/labs/lab2/777/index.php:0
[13-Sep-2018 23:23:53 UTC] PHP   2. victory() /home/ubuntu/workspace/cst352/labs/lab2/777/index.php:33
[13-Sep-2018 23:45:32 UTC] PHP Fatal error:  Cannot redeclare displayPoints() (previously declared in /home/ubuntu/workspace/cst352/labs/lab2/777/index.php:43) in /home/ubuntu/workspace/cst352/labs/lab2/777/index.php on line 43
[13-Sep-2018 23:45:32 UTC] PHP Stack trace:
[13-Sep-2018 23:45:32 UTC] PHP   1. {main}() /home/ubuntu/workspace/cst352/labs/lab2/777/index.php:0
[13-Sep-2018 23:45:32 UTC] PHP   2. victory() /home/ubuntu/workspace/cst352/labs/lab2/777/index.php:18
[13-Sep-2018 23:58:07 UTC] PHP Fatal error:  Call to undefined function victory() in /home/ubuntu/workspace/cst352/labs/lab2/777/index.php on line 13
[13-Sep-2018 23:58:07 UTC] PHP Stack trace:
[13-Sep-2018 23:58:07 UTC] PHP   1. {main}() /home/ubuntu/workspace/cst352/labs/lab2/777/index.php:0
[14-Sep-2018 00:01:38 UTC] PHP Fatal error:  Call to undefined function play() in /home/ubuntu/workspace/cst352/labs/lab2/777/index.php on line 11
[14-Sep-2018 00:01:38 UTC] PHP Stack trace:
[14-Sep-2018 00:01:38 UTC] PHP   1. {main}() /home/ubuntu/workspace/cst352/labs/lab2/777/index.php:0
[14-Sep-2018 00:01:40 UTC] PHP Fatal error:  Call to undefined function play() in /home/ubuntu/workspace/cst352/labs/lab2/777/index.php on line 11
[14-Sep-2018 00:01:40 UTC] PHP Stack trace:
[14-Sep-2018 00:01:40 UTC] PHP   1. {main}() /home/ubuntu/workspace/cst352/labs/lab2/777/index.php:0
[14-Sep-2018 00:02:15 UTC] PHP Fatal error:  Call to undefined function play() in /home/ubuntu/workspace/cst352/labs/lab2/777/index.php on line 11
[14-Sep-2018 00:02:15 UTC] PHP Stack trace:
[14-Sep-2018 00:02:15 UTC] PHP   1. {main}() /home/ubuntu/workspace/cst352/labs/lab2/777/index.php:0
[14-Sep-2018 00:02:17 UTC] PHP Fatal error:  Call to undefined function play() in /home/ubuntu/workspace/cst352/labs/lab2/777/index.php on line 11
[14-Sep-2018 00:02:17 UTC] PHP Stack trace:
[14-Sep-2018 00:02:17 UTC] PHP   1. {main}() /home/ubuntu/workspace/cst352/labs/lab2/777/index.php:0
[14-Sep-2018 00:02:19 UTC] PHP Fatal error:  Call to undefined function play() in /home/ubuntu/workspace/cst352/labs/lab2/777/index.php on line 11
[14-Sep-2018 00:02:19 UTC] PHP Stack trace:
[14-Sep-2018 00:02:19 UTC] PHP   1. {main}() /home/ubuntu/workspace/cst352/labs/lab2/777/index.php:0
[14-Sep-2018 00:02:20 UTC] PHP Fatal error:  Call to undefined function play() in /home/ubuntu/workspace/cst352/labs/lab2/777/index.php on line 11
[14-Sep-2018 00:02:20 UTC] PHP Stack trace:
[14-Sep-2018 00:02:20 UTC] PHP   1. {main}() /home/ubuntu/workspace/cst352/labs/lab2/777/index.php:0
[14-Sep-2018 00:02:46 UTC] PHP Fatal error:  Call to undefined function play() in /home/ubuntu/workspace/cst352/labs/lab2/777/index.php on line 11
[14-Sep-2018 00:02:46 UTC] PHP Stack trace:
[14-Sep-2018 00:02:46 UTC] PHP   1. {main}() /home/ubuntu/workspace/cst352/labs/lab2/777/index.php:0
[14-Sep-2018 00:02:48 UTC] PHP Fatal error:  Call to undefined function play() in /home/ubuntu/workspace/cst352/labs/lab2/777/index.php on line 11
[14-Sep-2018 00:02:48 UTC] PHP Stack trace:
[14-Sep-2018 00:02:48 UTC] PHP   1. {main}() /home/ubuntu/workspace/cst352/labs/lab2/777/index.php:0
[14-Sep-2018 00:04:07 UTC] PHP Fatal error:  Call to undefined function play() in /home/ubuntu/workspace/cst352/labs/lab2/777/index.php on line 11
[14-Sep-2018 00:04:07 UTC] PHP Stack trace:
[14-Sep-2018 00:04:07 UTC] PHP   1. {main}() /home/ubuntu/workspace/cst352/labs/lab2/777/index.php:0
[14-Sep-2018 00:04:09 UTC] PHP Fatal error:  Call to undefined function play() in /home/ubuntu/workspace/cst352/labs/lab2/777/index.php on line 11
[14-Sep-2018 00:04:09 UTC] PHP Stack trace:
[14-Sep-2018 00:04:09 UTC] PHP   1. {main}() /home/ubuntu/workspace/cst352/labs/lab2/777/index.php:0
[14-Sep-2018 00:04:17 UTC] PHP Fatal error:  Call to undefined function play() in /home/ubuntu/workspace/cst352/labs/lab2/777/index.php on line 11
[14-Sep-2018 00:04:17 UTC] PHP Stack trace:
[14-Sep-2018 00:04:17 UTC] PHP   1. {main}() /home/ubuntu/workspace/cst352/labs/lab2/777/index.php:0
[14-Sep-2018 00:04:19 UTC] PHP Fatal error:  Call to undefined function play() in /home/ubuntu/workspace/cst352/labs/lab2/777/index.php on line 11
[14-Sep-2018 00:04:19 UTC] PHP Stack trace:
[14-Sep-2018 00:04:19 UTC] PHP   1. {main}() /home/ubuntu/workspace/cst352/labs/lab2/777/index.php:0
[14-Sep-2018 00:04:19 UTC] PHP Fatal error:  Call to undefined function play() in /home/ubuntu/workspace/cst352/labs/lab2/777/index.php on line 11
[14-Sep-2018 00:04:19 UTC] PHP Stack trace:
[14-Sep-2018 00:04:19 UTC] PHP   1. {main}() /home/ubuntu/workspace/cst352/labs/lab2/777/index.php:0
[14-Sep-2018 00:04:57 UTC] PHP Fatal error:  Call to undefined function play() in /home/ubuntu/workspace/cst352/labs/lab2/777/index.php on line 11
[14-Sep-2018 00:04:57 UTC] PHP Stack trace:
[14-Sep-2018 00:04:57 UTC] PHP   1. {main}() /home/ubuntu/workspace/cst352/labs/lab2/777/index.php:0
[14-Sep-2018 00:04:59 UTC] PHP Fatal error:  Call to undefined function play() in /home/ubuntu/workspace/cst352/labs/lab2/777/index.php on line 11
[14-Sep-2018 00:04:59 UTC] PHP Stack trace:
[14-Sep-2018 00:04:59 UTC] PHP   1. {main}() /home/ubuntu/workspace/cst352/labs/lab2/777/index.php:0
[14-Sep-2018 00:05:02 UTC] PHP Fatal error:  Call to undefined function play() in /home/ubuntu/workspace/cst352/labs/lab2/777/index.php on line 11
[14-Sep-2018 00:05:02 UTC] PHP Stack trace:
[14-Sep-2018 00:05:02 UTC] PHP   1. {main}() /home/ubuntu/workspace/cst352/labs/lab2/777/index.php:0
[14-Sep-2018 00:05:48 UTC] PHP Fatal error:  Call to undefined function play() in /home/ubuntu/workspace/cst352/labs/lab2/777/index.php on line 11
[14-Sep-2018 00:05:48 UTC] PHP Stack trace:
[14-Sep-2018 00:05:48 UTC] PHP   1. {main}() /home/ubuntu/workspace/cst352/labs/lab2/777/index.php:0
[14-Sep-2018 00:06:41 UTC] PHP Fatal error:  Call to undefined function play() in /home/ubuntu/workspace/cst352/labs/lab2/777/index.php on line 11
[14-Sep-2018 00:06:41 UTC] PHP Stack trace:
[14-Sep-2018 00:06:41 UTC] PHP   1. {main}() /home/ubuntu/workspace/cst352/labs/lab2/777/index.php:0
[14-Sep-2018 00:10:23 UTC] PHP Fatal error:  Call to undefined function play() in /home/ubuntu/workspace/cst352/labs/lab2/777/index.php on line 11
[14-Sep-2018 00:10:23 UTC] PHP Stack trace:
[14-Sep-2018 00:10:23 UTC] PHP   1. {main}() /home/ubuntu/workspace/cst352/labs/lab2/777/index.php:0
[14-Sep-2018 00:10:25 UTC] PHP Fatal error:  Call to undefined function play() in /home/ubuntu/workspace/cst352/labs/lab2/777/index.php on line 11
[14-Sep-2018 00:10:25 UTC] PHP Stack trace:
[14-Sep-2018 00:10:25 UTC] PHP   1. {main}() /home/ubuntu/workspace/cst352/labs/lab2/777/index.php:0
[14-Sep-2018 00:12:14 UTC] PHP Fatal error:  Call to undefined function play() in /home/ubuntu/workspace/cst352/labs/lab2/777/index.php on line 12
[14-Sep-2018 00:12:14 UTC] PHP Stack trace:
[14-Sep-2018 00:12:14 UTC] PHP   1. {main}() /home/ubuntu/workspace/cst352/labs/lab2/777/index.php:0
[14-Sep-2018 00:12:15 UTC] PHP Fatal error:  Call to undefined function play() in /home/ubuntu/workspace/cst352/labs/lab2/777/index.php on line 12
[14-Sep-2018 00:12:15 UTC] PHP Stack trace:
[14-Sep-2018 00:12:15 UTC] PHP   1. {main}() /home/ubuntu/workspace/cst352/labs/lab2/777/index.php:0
[14-Sep-2018 00:12:17 UTC] PHP Fatal error:  Call to undefined function play() in /home/ubuntu/workspace/cst352/labs/lab2/777/index.php on line 12
[14-Sep-2018 00:12:17 UTC] PHP Stack trace:
[14-Sep-2018 00:12:17 UTC] PHP   1. {main}() /home/ubuntu/workspace/cst352/labs/lab2/777/index.php:0
[14-Sep-2018 00:12:19 UTC] PHP Fatal error:  Call to undefined function play() in /home/ubuntu/workspace/cst352/labs/lab2/777/index.php on line 12
[14-Sep-2018 00:12:19 UTC] PHP Stack trace:
[14-Sep-2018 00:12:19 UTC] PHP   1. {main}() /home/ubuntu/workspace/cst352/labs/lab2/777/index.php:0
[14-Sep-2018 00:12:24 UTC] PHP Fatal error:  Call to undefined function play() in /home/ubuntu/workspace/cst352/labs/lab2/777/index.php on line 12
[14-Sep-2018 00:12:24 UTC] PHP Stack trace:
[14-Sep-2018 00:12:24 UTC] PHP   1. {main}() /home/ubuntu/workspace/cst352/labs/lab2/777/index.php:0
[14-Sep-2018 00:12:40 UTC] PHP Fatal error:  Call to undefined function play() in /home/ubuntu/workspace/cst352/labs/lab2/777/index.php on line 12
[14-Sep-2018 00:12:40 UTC] PHP Stack trace:
[14-Sep-2018 00:12:40 UTC] PHP   1. {main}() /home/ubuntu/workspace/cst352/labs/lab2/777/index.php:0
[14-Sep-2018 01:34:45 UTC] PHP Fatal error:  Call to undefined function play() in /home/ubuntu/workspace/cst352/labs/lab2/777/index.php on line 53
[14-Sep-2018 01:34:45 UTC] PHP Stack trace:
[14-Sep-2018 01:34:45 UTC] PHP   1. {main}() /home/ubuntu/workspace/cst352/labs/lab2/777/index.php:0
[14-Sep-2018 02:56:35 UTC] PHP Fatal error:  Cannot redeclare play() (previously declared in /home/ubuntu/workspace/cst352/labs/lab2/777/index.php:13) in /home/ubuntu/workspace/cst352/labs/lab2/777/inc/functions.php on line 3
[14-Sep-2018 02:56:35 UTC] PHP Stack trace:
[14-Sep-2018 02:56:35 UTC] PHP   1. {main}() /home/ubuntu/workspace/cst352/labs/lab2/777/index.php:0
[14-Sep-2018 02:56:36 UTC] PHP Fatal error:  Cannot redeclare play() (previously declared in /home/ubuntu/workspace/cst352/labs/lab2/777/index.php:13) in /home/ubuntu/workspace/cst352/labs/lab2/777/inc/functions.php on line 3
[14-Sep-2018 02:56:36 UTC] PHP Stack trace:
[14-Sep-2018 02:56:36 UTC] PHP   1. {main}() /home/ubuntu/workspace/cst352/labs/lab2/777/index.php:0
[14-Sep-2018 02:57:31 UTC] PHP Fatal error:  Cannot redeclare victory() (previously declared in /home/ubuntu/workspace/cst352/labs/lab2/777/index.php:19) in /home/ubuntu/workspace/cst352/labs/lab2/777/inc/functions.php on line 12
[14-Sep-2018 02:57:31 UTC] PHP Stack trace:
[14-Sep-2018 02:57:31 UTC] PHP   1. {main}() /home/ubuntu/workspace/cst352/labs/lab2/777/index.php:0
[14-Sep-2018 02:57:35 UTC] PHP Fatal error:  Cannot redeclare victory() (previously declared in /home/ubuntu/workspace/cst352/labs/lab2/777/index.php:19) in /home/ubuntu/workspace/cst352/labs/lab2/777/inc/functions.php on line 12
[14-Sep-2018 02:57:35 UTC] PHP Stack trace:
[14-Sep-2018 02:57:35 UTC] PHP   1. {main}() /home/ubuntu/workspace/cst352/labs/lab2/777/index.php:0
[14-Sep-2018 02:57:41 UTC] PHP Fatal error:  Cannot redeclare victory() (previously declared in /home/ubuntu/workspace/cst352/labs/lab2/777/index.php:19) in /home/ubuntu/workspace/cst352/labs/lab2/777/inc/functions.php on line 12
[14-Sep-2018 02:57:41 UTC] PHP Stack trace:
[14-Sep-2018 02:57:41 UTC] PHP   1. {main}() /home/ubuntu/workspace/cst352/labs/lab2/777/index.php:0
