[05-Oct-2018 02:30:55 UTC] PHP Warning:  file_get_contents(https://maps.googleapis.com/maps/api
                /geocode/json?adress=): failed to open stream: HTTP request failed! HTTP/1.0 400 Bad Request
 in /home/ubuntu/workspace/cst352/hw/hw3/geocode/geo.php on line 6
[05-Oct-2018 02:30:55 UTC] PHP Stack trace:
[05-Oct-2018 02:30:55 UTC] PHP   1. {main}() /home/ubuntu/workspace/cst352/hw/hw3/geocode/geo.php:0
[05-Oct-2018 02:30:55 UTC] PHP   2. file_get_contents() /home/ubuntu/workspace/cst352/hw/hw3/geocode/geo.php:6
[05-Oct-2018 02:30:55 UTC] PHP Warning:  file_get_contents(https://api.instagram.com/v1/media/search?lat=&lng=&client_id=ba3dcb7b27cc4488969b72b831b149ea): failed to open stream: HTTP request failed! HTTP/1.1 400 Bad Request
 in /home/ubuntu/workspace/cst352/hw/hw3/geocode/geo.php on line 14
[05-Oct-2018 02:30:55 UTC] PHP Stack trace:
[05-Oct-2018 02:30:55 UTC] PHP   1. {main}() /home/ubuntu/workspace/cst352/hw/hw3/geocode/geo.php:0
[05-Oct-2018 02:30:55 UTC] PHP   2. file_get_contents() /home/ubuntu/workspace/cst352/hw/hw3/geocode/geo.php:14
[05-Oct-2018 02:31:05 UTC] PHP Warning:  file_get_contents(https://maps.googleapis.com/maps/api
                /geocode/json?adress=): failed to open stream: HTTP request failed! HTTP/1.0 400 Bad Request
 in /home/ubuntu/workspace/cst352/hw/hw3/geocode/geo.php on line 6
[05-Oct-2018 02:31:05 UTC] PHP Stack trace:
[05-Oct-2018 02:31:05 UTC] PHP   1. {main}() /home/ubuntu/workspace/cst352/hw/hw3/geocode/geo.php:0
[05-Oct-2018 02:31:05 UTC] PHP   2. file_get_contents() /home/ubuntu/workspace/cst352/hw/hw3/geocode/geo.php:6
[05-Oct-2018 02:31:06 UTC] PHP Warning:  file_get_contents(https://api.instagram.com/v1/media/search?lat=&lng=&client_id=ba3dcb7b27cc4488969b72b831b149ea): failed to open stream: HTTP request failed! HTTP/1.1 400 Bad Request
 in /home/ubuntu/workspace/cst352/hw/hw3/geocode/geo.php on line 14
[05-Oct-2018 02:31:06 UTC] PHP Stack trace:
[05-Oct-2018 02:31:06 UTC] PHP   1. {main}() /home/ubuntu/workspace/cst352/hw/hw3/geocode/geo.php:0
[05-Oct-2018 02:31:06 UTC] PHP   2. file_get_contents() /home/ubuntu/workspace/cst352/hw/hw3/geocode/geo.php:14
[05-Oct-2018 02:32:43 UTC] PHP Warning:  file_get_contents(https://maps.googleapis.com/maps/api
                /geocode/json?adress=): failed to open stream: HTTP request failed! HTTP/1.0 400 Bad Request
 in /home/ubuntu/workspace/cst352/hw/hw3/geocode/geo.php on line 6
[05-Oct-2018 02:32:43 UTC] PHP Stack trace:
[05-Oct-2018 02:32:43 UTC] PHP   1. {main}() /home/ubuntu/workspace/cst352/hw/hw3/geocode/geo.php:0
[05-Oct-2018 02:32:43 UTC] PHP   2. file_get_contents() /home/ubuntu/workspace/cst352/hw/hw3/geocode/geo.php:6
[05-Oct-2018 02:32:43 UTC] PHP Warning:  file_get_contents(https://api.instagram.com/v1/media/search?lat=&lng=&client_id=ba3dcb7b27cc4488969b72b831b149ea): failed to open stream: HTTP request failed! HTTP/1.1 400 Bad Request
 in /home/ubuntu/workspace/cst352/hw/hw3/geocode/geo.php on line 14
[05-Oct-2018 02:32:43 UTC] PHP Stack trace:
[05-Oct-2018 02:32:43 UTC] PHP   1. {main}() /home/ubuntu/workspace/cst352/hw/hw3/geocode/geo.php:0
[05-Oct-2018 02:32:43 UTC] PHP   2. file_get_contents() /home/ubuntu/workspace/cst352/hw/hw3/geocode/geo.php:14
[05-Oct-2018 02:33:49 UTC] PHP Warning:  file_get_contents(https://maps.googleapis.com/maps/api
                /geocode/json?adress=): failed to open stream: HTTP request failed! HTTP/1.0 400 Bad Request
 in /home/ubuntu/workspace/cst352/hw/hw3/geocode/geo.php on line 6
[05-Oct-2018 02:33:49 UTC] PHP Stack trace:
[05-Oct-2018 02:33:49 UTC] PHP   1. {main}() /home/ubuntu/workspace/cst352/hw/hw3/geocode/geo.php:0
[05-Oct-2018 02:33:49 UTC] PHP   2. file_get_contents() /home/ubuntu/workspace/cst352/hw/hw3/geocode/geo.php:6
[05-Oct-2018 02:33:50 UTC] PHP Warning:  file_get_contents(https://api.instagram.com/v1/media/search?lat=&lng=&client_id=ba3dcb7b27cc4488969b72b831b149ea): failed to open stream: HTTP request failed! HTTP/1.1 400 Bad Request
 in /home/ubuntu/workspace/cst352/hw/hw3/geocode/geo.php on line 14
[05-Oct-2018 02:33:50 UTC] PHP Stack trace:
[05-Oct-2018 02:33:50 UTC] PHP   1. {main}() /home/ubuntu/workspace/cst352/hw/hw3/geocode/geo.php:0
[05-Oct-2018 02:33:50 UTC] PHP   2. file_get_contents() /home/ubuntu/workspace/cst352/hw/hw3/geocode/geo.php:14
[05-Oct-2018 02:36:57 UTC] PHP Warning:  file_get_contents(https://maps.googleapis.com/maps/api
                /geocode/json?adress=): failed to open stream: HTTP request failed! HTTP/1.0 400 Bad Request
 in /home/ubuntu/workspace/cst352/hw/hw3/geocode/geo.php on line 6
[05-Oct-2018 02:36:57 UTC] PHP Stack trace:
[05-Oct-2018 02:36:57 UTC] PHP   1. {main}() /home/ubuntu/workspace/cst352/hw/hw3/geocode/geo.php:0
[05-Oct-2018 02:36:57 UTC] PHP   2. file_get_contents() /home/ubuntu/workspace/cst352/hw/hw3/geocode/geo.php:6
[05-Oct-2018 02:36:57 UTC] PHP Warning:  file_get_contents(https://api.instagram.com/v1/media/search?lat=&lng=&client_id=ba3dcb7b27cc4488969b72b831b149ea): failed to open stream: HTTP request failed! HTTP/1.1 400 Bad Request
 in /home/ubuntu/workspace/cst352/hw/hw3/geocode/geo.php on line 14
[05-Oct-2018 02:36:57 UTC] PHP Stack trace:
[05-Oct-2018 02:36:57 UTC] PHP   1. {main}() /home/ubuntu/workspace/cst352/hw/hw3/geocode/geo.php:0
[05-Oct-2018 02:36:57 UTC] PHP   2. file_get_contents() /home/ubuntu/workspace/cst352/hw/hw3/geocode/geo.php:14
[05-Oct-2018 02:41:40 UTC] PHP Warning:  file_get_contents(https://maps.googleapis.com/maps/api/geocode/json?address=disneyland%2Cca): failed to open stream: HTTP request failed! HTTP/1.0 403 Forbidden
 in /home/ubuntu/workspace/cst352/hw/hw3/geocode/geo.php on line 8
[05-Oct-2018 02:41:40 UTC] PHP Stack trace:
[05-Oct-2018 02:41:40 UTC] PHP   1. {main}() /home/ubuntu/workspace/cst352/hw/hw3/geocode/geo.php:0
[05-Oct-2018 02:41:40 UTC] PHP   2. file_get_contents() /home/ubuntu/workspace/cst352/hw/hw3/geocode/geo.php:8
[05-Oct-2018 02:41:40 UTC] PHP Warning:  file_get_contents(): Filename cannot be empty in /home/ubuntu/workspace/cst352/hw/hw3/geocode/geo.php on line 19
[05-Oct-2018 02:41:40 UTC] PHP Stack trace:
[05-Oct-2018 02:41:40 UTC] PHP   1. {main}() /home/ubuntu/workspace/cst352/hw/hw3/geocode/geo.php:0
[05-Oct-2018 02:41:40 UTC] PHP   2. file_get_contents() /home/ubuntu/workspace/cst352/hw/hw3/geocode/geo.php:19
[05-Oct-2018 02:41:45 UTC] PHP Warning:  file_get_contents(https://maps.googleapis.com/maps/api/geocode/json?address=Disneyland+ca): failed to open stream: HTTP request failed! HTTP/1.0 403 Forbidden
 in /home/ubuntu/workspace/cst352/hw/hw3/geocode/geo.php on line 8
[05-Oct-2018 02:41:45 UTC] PHP Stack trace:
[05-Oct-2018 02:41:45 UTC] PHP   1. {main}() /home/ubuntu/workspace/cst352/hw/hw3/geocode/geo.php:0
[05-Oct-2018 02:41:45 UTC] PHP   2. file_get_contents() /home/ubuntu/workspace/cst352/hw/hw3/geocode/geo.php:8
[05-Oct-2018 02:41:45 UTC] PHP Warning:  file_get_contents(): Filename cannot be empty in /home/ubuntu/workspace/cst352/hw/hw3/geocode/geo.php on line 19
[05-Oct-2018 02:41:45 UTC] PHP Stack trace:
[05-Oct-2018 02:41:45 UTC] PHP   1. {main}() /home/ubuntu/workspace/cst352/hw/hw3/geocode/geo.php:0
[05-Oct-2018 02:41:45 UTC] PHP   2. file_get_contents() /home/ubuntu/workspace/cst352/hw/hw3/geocode/geo.php:19
[05-Oct-2018 02:41:47 UTC] PHP Warning:  file_get_contents(https://maps.googleapis.com/maps/api/geocode/json?address=Disneyland+ca): failed to open stream: HTTP request failed! HTTP/1.0 403 Forbidden
 in /home/ubuntu/workspace/cst352/hw/hw3/geocode/geo.php on line 8
[05-Oct-2018 02:41:48 UTC] PHP Stack trace:
[05-Oct-2018 02:41:48 UTC] PHP   1. {main}() /home/ubuntu/workspace/cst352/hw/hw3/geocode/geo.php:0
[05-Oct-2018 02:41:48 UTC] PHP   2. file_get_contents() /home/ubuntu/workspace/cst352/hw/hw3/geocode/geo.php:8
[05-Oct-2018 02:41:48 UTC] PHP Warning:  file_get_contents(): Filename cannot be empty in /home/ubuntu/workspace/cst352/hw/hw3/geocode/geo.php on line 19
[05-Oct-2018 02:41:48 UTC] PHP Stack trace:
[05-Oct-2018 02:41:48 UTC] PHP   1. {main}() /home/ubuntu/workspace/cst352/hw/hw3/geocode/geo.php:0
[05-Oct-2018 02:41:48 UTC] PHP   2. file_get_contents() /home/ubuntu/workspace/cst352/hw/hw3/geocode/geo.php:19
[05-Oct-2018 02:41:48 UTC] PHP Warning:  file_get_contents(https://maps.googleapis.com/maps/api/geocode/json?address=Disneyland+ca): failed to open stream: HTTP request failed! HTTP/1.0 403 Forbidden
 in /home/ubuntu/workspace/cst352/hw/hw3/geocode/geo.php on line 8
[05-Oct-2018 02:41:48 UTC] PHP Stack trace:
[05-Oct-2018 02:41:48 UTC] PHP   1. {main}() /home/ubuntu/workspace/cst352/hw/hw3/geocode/geo.php:0
[05-Oct-2018 02:41:48 UTC] PHP   2. file_get_contents() /home/ubuntu/workspace/cst352/hw/hw3/geocode/geo.php:8
[05-Oct-2018 02:41:48 UTC] PHP Warning:  file_get_contents(): Filename cannot be empty in /home/ubuntu/workspace/cst352/hw/hw3/geocode/geo.php on line 19
[05-Oct-2018 02:41:48 UTC] PHP Stack trace:
[05-Oct-2018 02:41:48 UTC] PHP   1. {main}() /home/ubuntu/workspace/cst352/hw/hw3/geocode/geo.php:0
[05-Oct-2018 02:41:48 UTC] PHP   2. file_get_contents() /home/ubuntu/workspace/cst352/hw/hw3/geocode/geo.php:19
[05-Oct-2018 02:42:36 UTC] PHP Warning:  file_get_contents(https://maps.googleapis.com/maps/api/geocode/json?address=disneyland%2Cca): failed to open stream: HTTP request failed! HTTP/1.0 403 Forbidden
 in /home/ubuntu/workspace/cst352/hw/hw3/geocode/geo.php on line 8
[05-Oct-2018 02:42:36 UTC] PHP Stack trace:
[05-Oct-2018 02:42:36 UTC] PHP   1. {main}() /home/ubuntu/workspace/cst352/hw/hw3/geocode/geo.php:0
[05-Oct-2018 02:42:36 UTC] PHP   2. file_get_contents() /home/ubuntu/workspace/cst352/hw/hw3/geocode/geo.php:8
[05-Oct-2018 02:42:36 UTC] PHP Warning:  file_get_contents(): Filename cannot be empty in /home/ubuntu/workspace/cst352/hw/hw3/geocode/geo.php on line 19
[05-Oct-2018 02:42:36 UTC] PHP Stack trace:
[05-Oct-2018 02:42:36 UTC] PHP   1. {main}() /home/ubuntu/workspace/cst352/hw/hw3/geocode/geo.php:0
[05-Oct-2018 02:42:36 UTC] PHP   2. file_get_contents() /home/ubuntu/workspace/cst352/hw/hw3/geocode/geo.php:19
[05-Oct-2018 02:42:53 UTC] PHP Warning:  file_get_contents(https://maps.googleapis.com/maps/api/geocode/json?address=disneyland%2C+ca): failed to open stream: HTTP request failed! HTTP/1.0 403 Forbidden
 in /home/ubuntu/workspace/cst352/hw/hw3/geocode/geo.php on line 8
[05-Oct-2018 02:42:53 UTC] PHP Stack trace:
[05-Oct-2018 02:42:53 UTC] PHP   1. {main}() /home/ubuntu/workspace/cst352/hw/hw3/geocode/geo.php:0
[05-Oct-2018 02:42:53 UTC] PHP   2. file_get_contents() /home/ubuntu/workspace/cst352/hw/hw3/geocode/geo.php:8
[05-Oct-2018 02:42:53 UTC] PHP Warning:  file_get_contents(): Filename cannot be empty in /home/ubuntu/workspace/cst352/hw/hw3/geocode/geo.php on line 19
[05-Oct-2018 02:42:53 UTC] PHP Stack trace:
[05-Oct-2018 02:42:53 UTC] PHP   1. {main}() /home/ubuntu/workspace/cst352/hw/hw3/geocode/geo.php:0
[05-Oct-2018 02:42:53 UTC] PHP   2. file_get_contents() /home/ubuntu/workspace/cst352/hw/hw3/geocode/geo.php:19
[05-Oct-2018 02:45:23 UTC] PHP Warning:  file_get_contents(https://maps.googleapis.com/maps/api/geocode/json?address=disneyland%2C+ca): failed to open stream: HTTP request failed! HTTP/1.0 403 Forbidden
 in /home/ubuntu/workspace/cst352/hw/hw3/geocode/geo.php on line 8
[05-Oct-2018 02:45:23 UTC] PHP Stack trace:
[05-Oct-2018 02:45:23 UTC] PHP   1. {main}() /home/ubuntu/workspace/cst352/hw/hw3/geocode/geo.php:0
[05-Oct-2018 02:45:23 UTC] PHP   2. file_get_contents() /home/ubuntu/workspace/cst352/hw/hw3/geocode/geo.php:8
[05-Oct-2018 02:45:23 UTC] PHP Warning:  file_get_contents(https://api.instagram.com/v1/media/search?lat=&lng=&client_id=ba3dcb7b27cc4488969b72b831b149ea): failed to open stream: HTTP request failed! HTTP/1.1 400 Bad Request
 in /home/ubuntu/workspace/cst352/hw/hw3/geocode/geo.php on line 19
[05-Oct-2018 02:45:23 UTC] PHP Stack trace:
[05-Oct-2018 02:45:23 UTC] PHP   1. {main}() /home/ubuntu/workspace/cst352/hw/hw3/geocode/geo.php:0
[05-Oct-2018 02:45:23 UTC] PHP   2. file_get_contents() /home/ubuntu/workspace/cst352/hw/hw3/geocode/geo.php:19
[05-Oct-2018 02:45:28 UTC] PHP Warning:  file_get_contents(https://maps.googleapis.com/maps/api/geocode/json?address=Disneyland+ca): failed to open stream: HTTP request failed! HTTP/1.0 403 Forbidden
 in /home/ubuntu/workspace/cst352/hw/hw3/geocode/geo.php on line 8
[05-Oct-2018 02:45:28 UTC] PHP Stack trace:
[05-Oct-2018 02:45:28 UTC] PHP   1. {main}() /home/ubuntu/workspace/cst352/hw/hw3/geocode/geo.php:0
[05-Oct-2018 02:45:28 UTC] PHP   2. file_get_contents() /home/ubuntu/workspace/cst352/hw/hw3/geocode/geo.php:8
[05-Oct-2018 02:45:28 UTC] PHP Warning:  file_get_contents(https://api.instagram.com/v1/media/search?lat=&lng=&client_id=ba3dcb7b27cc4488969b72b831b149ea): failed to open stream: HTTP request failed! HTTP/1.1 400 Bad Request
 in /home/ubuntu/workspace/cst352/hw/hw3/geocode/geo.php on line 19
[05-Oct-2018 02:45:28 UTC] PHP Stack trace:
[05-Oct-2018 02:45:28 UTC] PHP   1. {main}() /home/ubuntu/workspace/cst352/hw/hw3/geocode/geo.php:0
[05-Oct-2018 02:45:28 UTC] PHP   2. file_get_contents() /home/ubuntu/workspace/cst352/hw/hw3/geocode/geo.php:19
[05-Oct-2018 02:45:31 UTC] PHP Warning:  file_get_contents(https://maps.googleapis.com/maps/api/geocode/json?address=Disneyland+ca): failed to open stream: HTTP request failed! HTTP/1.0 403 Forbidden
 in /home/ubuntu/workspace/cst352/hw/hw3/geocode/geo.php on line 8
[05-Oct-2018 02:45:31 UTC] PHP Stack trace:
[05-Oct-2018 02:45:31 UTC] PHP   1. {main}() /home/ubuntu/workspace/cst352/hw/hw3/geocode/geo.php:0
[05-Oct-2018 02:45:31 UTC] PHP   2. file_get_contents() /home/ubuntu/workspace/cst352/hw/hw3/geocode/geo.php:8
[05-Oct-2018 02:45:31 UTC] PHP Warning:  file_get_contents(https://api.instagram.com/v1/media/search?lat=&lng=&client_id=ba3dcb7b27cc4488969b72b831b149ea): failed to open stream: HTTP request failed! HTTP/1.1 400 Bad Request
 in /home/ubuntu/workspace/cst352/hw/hw3/geocode/geo.php on line 19
[05-Oct-2018 02:45:31 UTC] PHP Stack trace:
[05-Oct-2018 02:45:31 UTC] PHP   1. {main}() /home/ubuntu/workspace/cst352/hw/hw3/geocode/geo.php:0
[05-Oct-2018 02:45:31 UTC] PHP   2. file_get_contents() /home/ubuntu/workspace/cst352/hw/hw3/geocode/geo.php:19
[05-Oct-2018 02:45:34 UTC] PHP Warning:  file_get_contents(https://maps.googleapis.com/maps/api/geocode/json?address=disneyland%2Cca): failed to open stream: HTTP request failed! HTTP/1.0 403 Forbidden
 in /home/ubuntu/workspace/cst352/hw/hw3/geocode/geo.php on line 8
[05-Oct-2018 02:45:34 UTC] PHP Stack trace:
[05-Oct-2018 02:45:34 UTC] PHP   1. {main}() /home/ubuntu/workspace/cst352/hw/hw3/geocode/geo.php:0
[05-Oct-2018 02:45:34 UTC] PHP   2. file_get_contents() /home/ubuntu/workspace/cst352/hw/hw3/geocode/geo.php:8
[05-Oct-2018 02:45:34 UTC] PHP Warning:  file_get_contents(https://api.instagram.com/v1/media/search?lat=&lng=&client_id=ba3dcb7b27cc4488969b72b831b149ea): failed to open stream: HTTP request failed! HTTP/1.1 400 Bad Request
 in /home/ubuntu/workspace/cst352/hw/hw3/geocode/geo.php on line 19
[05-Oct-2018 02:45:34 UTC] PHP Stack trace:
[05-Oct-2018 02:45:34 UTC] PHP   1. {main}() /home/ubuntu/workspace/cst352/hw/hw3/geocode/geo.php:0
[05-Oct-2018 02:45:34 UTC] PHP   2. file_get_contents() /home/ubuntu/workspace/cst352/hw/hw3/geocode/geo.php:19
[05-Oct-2018 02:45:37 UTC] PHP Warning:  file_get_contents(https://maps.googleapis.com/maps/api/geocode/json?address=disneyland%2Cca): failed to open stream: HTTP request failed! HTTP/1.0 403 Forbidden
 in /home/ubuntu/workspace/cst352/hw/hw3/geocode/geo.php on line 8
[05-Oct-2018 02:45:37 UTC] PHP Stack trace:
[05-Oct-2018 02:45:37 UTC] PHP   1. {main}() /home/ubuntu/workspace/cst352/hw/hw3/geocode/geo.php:0
[05-Oct-2018 02:45:37 UTC] PHP   2. file_get_contents() /home/ubuntu/workspace/cst352/hw/hw3/geocode/geo.php:8
[05-Oct-2018 02:45:37 UTC] PHP Warning:  file_get_contents(https://api.instagram.com/v1/media/search?lat=&lng=&client_id=ba3dcb7b27cc4488969b72b831b149ea): failed to open stream: HTTP request failed! HTTP/1.1 400 Bad Request
 in /home/ubuntu/workspace/cst352/hw/hw3/geocode/geo.php on line 19
[05-Oct-2018 02:45:37 UTC] PHP Stack trace:
[05-Oct-2018 02:45:37 UTC] PHP   1. {main}() /home/ubuntu/workspace/cst352/hw/hw3/geocode/geo.php:0
[05-Oct-2018 02:45:37 UTC] PHP   2. file_get_contents() /home/ubuntu/workspace/cst352/hw/hw3/geocode/geo.php:19
[05-Oct-2018 02:49:50 UTC] PHP Warning:  file_get_contents(https://maps.googleapis.com/maps/api/geocode/json?address=Disneyland%2C+ca): failed to open stream: HTTP request failed! HTTP/1.0 403 Forbidden
 in /home/ubuntu/workspace/cst352/hw/hw3/geocode/geo.php on line 8
[05-Oct-2018 02:49:50 UTC] PHP Stack trace:
[05-Oct-2018 02:49:50 UTC] PHP   1. {main}() /home/ubuntu/workspace/cst352/hw/hw3/geocode/geo.php:0
[05-Oct-2018 02:49:50 UTC] PHP   2. file_get_contents() /home/ubuntu/workspace/cst352/hw/hw3/geocode/geo.php:8
[05-Oct-2018 02:49:50 UTC] PHP Warning:  file_get_contents(https://api.instagram.com/v1/media/search?lat=&lng=&client_id=ba3dcb7b27cc4488969b72b831b149ea): failed to open stream: HTTP request failed! HTTP/1.1 400 Bad Request
 in /home/ubuntu/workspace/cst352/hw/hw3/geocode/geo.php on line 19
[05-Oct-2018 02:49:50 UTC] PHP Stack trace:
[05-Oct-2018 02:49:50 UTC] PHP   1. {main}() /home/ubuntu/workspace/cst352/hw/hw3/geocode/geo.php:0
[05-Oct-2018 02:49:50 UTC] PHP   2. file_get_contents() /home/ubuntu/workspace/cst352/hw/hw3/geocode/geo.php:19
[05-Oct-2018 02:50:07 UTC] PHP Warning:  file_get_contents(https://maps.googleapis.com/maps/api/geocode/json?address=%23disneyland): failed to open stream: HTTP request failed! HTTP/1.0 403 Forbidden
 in /home/ubuntu/workspace/cst352/hw/hw3/geocode/geo.php on line 8
[05-Oct-2018 02:50:07 UTC] PHP Stack trace:
[05-Oct-2018 02:50:07 UTC] PHP   1. {main}() /home/ubuntu/workspace/cst352/hw/hw3/geocode/geo.php:0
[05-Oct-2018 02:50:07 UTC] PHP   2. file_get_contents() /home/ubuntu/workspace/cst352/hw/hw3/geocode/geo.php:8
[05-Oct-2018 02:50:07 UTC] PHP Warning:  file_get_contents(https://api.instagram.com/v1/media/search?lat=&lng=&client_id=ba3dcb7b27cc4488969b72b831b149ea): failed to open stream: HTTP request failed! HTTP/1.1 400 Bad Request
 in /home/ubuntu/workspace/cst352/hw/hw3/geocode/geo.php on line 19
[05-Oct-2018 02:50:07 UTC] PHP Stack trace:
[05-Oct-2018 02:50:07 UTC] PHP   1. {main}() /home/ubuntu/workspace/cst352/hw/hw3/geocode/geo.php:0
[05-Oct-2018 02:50:07 UTC] PHP   2. file_get_contents() /home/ubuntu/workspace/cst352/hw/hw3/geocode/geo.php:19
[05-Oct-2018 02:55:12 UTC] PHP Warning:  file_get_contents(https://maps.googleapis.com/maps/api/geocode/json?address=disneyland%2Cca): failed to open stream: HTTP request failed! HTTP/1.0 403 Forbidden
 in /home/ubuntu/workspace/cst352/hw/hw3/geocode/geo.php on line 8
[05-Oct-2018 02:55:12 UTC] PHP Stack trace:
[05-Oct-2018 02:55:12 UTC] PHP   1. {main}() /home/ubuntu/workspace/cst352/hw/hw3/geocode/geo.php:0
[05-Oct-2018 02:55:12 UTC] PHP   2. file_get_contents() /home/ubuntu/workspace/cst352/hw/hw3/geocode/geo.php:8
[05-Oct-2018 02:55:12 UTC] PHP Warning:  file_get_contents(https://api.instagram.com/v1/media/search?lat=&lng=&client_id=ba3dcb7b27cc4488969b72b831b149ea): failed to open stream: HTTP request failed! HTTP/1.1 400 Bad Request
 in /home/ubuntu/workspace/cst352/hw/hw3/geocode/geo.php on line 19
[05-Oct-2018 02:55:12 UTC] PHP Stack trace:
[05-Oct-2018 02:55:12 UTC] PHP   1. {main}() /home/ubuntu/workspace/cst352/hw/hw3/geocode/geo.php:0
[05-Oct-2018 02:55:12 UTC] PHP   2. file_get_contents() /home/ubuntu/workspace/cst352/hw/hw3/geocode/geo.php:19
[05-Oct-2018 03:07:37 UTC] PHP Warning:  file_get_contents(https://api.instagram.com/v1/media/search?lat=&lng=&client_id=ba3dcb7b27cc4488969b72b831b149ea): failed to open stream: HTTP request failed! HTTP/1.1 400 Bad Request
 in /home/ubuntu/workspace/cst352/hw/hw3/geocode/geo.php on line 27
[05-Oct-2018 03:07:37 UTC] PHP Stack trace:
[05-Oct-2018 03:07:37 UTC] PHP   1. {main}() /home/ubuntu/workspace/cst352/hw/hw3/geocode/geo.php:0
[05-Oct-2018 03:07:37 UTC] PHP   2. file_get_contents() /home/ubuntu/workspace/cst352/hw/hw3/geocode/geo.php:27
[05-Oct-2018 03:09:12 UTC] PHP Warning:  Invalid argument supplied for foreach() in /home/ubuntu/workspace/cst352/hw/hw3/geocode/geo.php on line 75
[05-Oct-2018 03:09:12 UTC] PHP Stack trace:
[05-Oct-2018 03:09:12 UTC] PHP   1. {main}() /home/ubuntu/workspace/cst352/hw/hw3/geocode/geo.php:0
[05-Oct-2018 03:29:18 UTC] PHP Warning:  Invalid argument supplied for foreach() in /home/ubuntu/workspace/cst352/hw/hw3/geocode/geo.php on line 75
[05-Oct-2018 03:29:18 UTC] PHP Stack trace:
[05-Oct-2018 03:29:18 UTC] PHP   1. {main}() /home/ubuntu/workspace/cst352/hw/hw3/geocode/geo.php:0
[05-Oct-2018 03:29:25 UTC] PHP Warning:  Invalid argument supplied for foreach() in /home/ubuntu/workspace/cst352/hw/hw3/geocode/geo.php on line 75
[05-Oct-2018 03:29:25 UTC] PHP Stack trace:
[05-Oct-2018 03:29:25 UTC] PHP   1. {main}() /home/ubuntu/workspace/cst352/hw/hw3/geocode/geo.php:0
[05-Oct-2018 03:43:03 UTC] PHP Warning:  Invalid argument supplied for foreach() in /home/ubuntu/workspace/cst352/hw/hw3/geocode/geo.php on line 75
[05-Oct-2018 03:43:03 UTC] PHP Stack trace:
[05-Oct-2018 03:43:03 UTC] PHP   1. {main}() /home/ubuntu/workspace/cst352/hw/hw3/geocode/geo.php:0
[05-Oct-2018 03:43:08 UTC] PHP Warning:  Invalid argument supplied for foreach() in /home/ubuntu/workspace/cst352/hw/hw3/geocode/geo.php on line 75
[05-Oct-2018 03:43:08 UTC] PHP Stack trace:
[05-Oct-2018 03:43:08 UTC] PHP   1. {main}() /home/ubuntu/workspace/cst352/hw/hw3/geocode/geo.php:0
[05-Oct-2018 04:10:04 UTC] PHP Warning:  Invalid argument supplied for foreach() in /home/ubuntu/workspace/cst352/hw/hw3/geocode/geo.php on line 75
[05-Oct-2018 04:10:04 UTC] PHP Stack trace:
[05-Oct-2018 04:10:04 UTC] PHP   1. {main}() /home/ubuntu/workspace/cst352/hw/hw3/geocode/geo.php:0
[05-Oct-2018 04:14:43 UTC] PHP Warning:  Invalid argument supplied for foreach() in /home/ubuntu/workspace/cst352/hw/hw3/geocode/geo.php on line 75
[05-Oct-2018 04:14:43 UTC] PHP Stack trace:
[05-Oct-2018 04:14:43 UTC] PHP   1. {main}() /home/ubuntu/workspace/cst352/hw/hw3/geocode/geo.php:0
[05-Oct-2018 04:14:51 UTC] PHP Warning:  Invalid argument supplied for foreach() in /home/ubuntu/workspace/cst352/hw/hw3/geocode/geo.php on line 75
[05-Oct-2018 04:14:51 UTC] PHP Stack trace:
[05-Oct-2018 04:14:51 UTC] PHP   1. {main}() /home/ubuntu/workspace/cst352/hw/hw3/geocode/geo.php:0
[05-Oct-2018 04:14:55 UTC] PHP Warning:  Invalid argument supplied for foreach() in /home/ubuntu/workspace/cst352/hw/hw3/geocode/geo.php on line 75
[05-Oct-2018 04:14:55 UTC] PHP Stack trace:
[05-Oct-2018 04:14:55 UTC] PHP   1. {main}() /home/ubuntu/workspace/cst352/hw/hw3/geocode/geo.php:0
[05-Oct-2018 04:17:27 UTC] PHP Warning:  Invalid argument supplied for foreach() in /home/ubuntu/workspace/cst352/hw/hw3/geocode/geo.php on line 75
[05-Oct-2018 04:17:27 UTC] PHP Stack trace:
[05-Oct-2018 04:17:27 UTC] PHP   1. {main}() /home/ubuntu/workspace/cst352/hw/hw3/geocode/geo.php:0
[05-Oct-2018 04:17:31 UTC] PHP Warning:  Invalid argument supplied for foreach() in /home/ubuntu/workspace/cst352/hw/hw3/geocode/geo.php on line 75
[05-Oct-2018 04:17:31 UTC] PHP Stack trace:
[05-Oct-2018 04:17:31 UTC] PHP   1. {main}() /home/ubuntu/workspace/cst352/hw/hw3/geocode/geo.php:0
[05-Oct-2018 04:19:30 UTC] PHP Warning:  curl_close(): 2 is not a valid cURL handle resource in /home/ubuntu/workspace/cst352/hw/hw3/geocode/geo.php on line 39
[05-Oct-2018 04:19:30 UTC] PHP Stack trace:
[05-Oct-2018 04:19:30 UTC] PHP   1. {main}() /home/ubuntu/workspace/cst352/hw/hw3/geocode/geo.php:0
[05-Oct-2018 04:19:30 UTC] PHP   2. curl_close() /home/ubuntu/workspace/cst352/hw/hw3/geocode/geo.php:39
[05-Oct-2018 04:19:30 UTC] PHP Warning:  Invalid argument supplied for foreach() in /home/ubuntu/workspace/cst352/hw/hw3/geocode/geo.php on line 77
[05-Oct-2018 04:19:30 UTC] PHP Stack trace:
[05-Oct-2018 04:19:30 UTC] PHP   1. {main}() /home/ubuntu/workspace/cst352/hw/hw3/geocode/geo.php:0
[05-Oct-2018 04:19:56 UTC] PHP Warning:  Invalid argument supplied for foreach() in /home/ubuntu/workspace/cst352/hw/hw3/geocode/geo.php on line 77
[05-Oct-2018 04:19:56 UTC] PHP Stack trace:
[05-Oct-2018 04:19:56 UTC] PHP   1. {main}() /home/ubuntu/workspace/cst352/hw/hw3/geocode/geo.php:0
[05-Oct-2018 04:24:01 UTC] PHP Warning:  Invalid argument supplied for foreach() in /home/ubuntu/workspace/cst352/hw/hw3/geocode/geo.php on line 77
[05-Oct-2018 04:24:01 UTC] PHP Stack trace:
[05-Oct-2018 04:24:01 UTC] PHP   1. {main}() /home/ubuntu/workspace/cst352/hw/hw3/geocode/geo.php:0
[05-Oct-2018 04:24:28 UTC] PHP Warning:  Invalid argument supplied for foreach() in /home/ubuntu/workspace/cst352/hw/hw3/geocode/geo.php on line 77
[05-Oct-2018 04:24:28 UTC] PHP Stack trace:
[05-Oct-2018 04:24:28 UTC] PHP   1. {main}() /home/ubuntu/workspace/cst352/hw/hw3/geocode/geo.php:0
[05-Oct-2018 04:24:39 UTC] PHP Warning:  Invalid argument supplied for foreach() in /home/ubuntu/workspace/cst352/hw/hw3/geocode/geo.php on line 77
[05-Oct-2018 04:24:39 UTC] PHP Stack trace:
[05-Oct-2018 04:24:39 UTC] PHP   1. {main}() /home/ubuntu/workspace/cst352/hw/hw3/geocode/geo.php:0
[05-Oct-2018 04:24:44 UTC] PHP Warning:  Invalid argument supplied for foreach() in /home/ubuntu/workspace/cst352/hw/hw3/geocode/geo.php on line 77
[05-Oct-2018 04:24:44 UTC] PHP Stack trace:
[05-Oct-2018 04:24:44 UTC] PHP   1. {main}() /home/ubuntu/workspace/cst352/hw/hw3/geocode/geo.php:0
[05-Oct-2018 04:24:48 UTC] PHP Warning:  Invalid argument supplied for foreach() in /home/ubuntu/workspace/cst352/hw/hw3/geocode/geo.php on line 77
[05-Oct-2018 04:24:48 UTC] PHP Stack trace:
[05-Oct-2018 04:24:48 UTC] PHP   1. {main}() /home/ubuntu/workspace/cst352/hw/hw3/geocode/geo.php:0
[05-Oct-2018 04:24:54 UTC] PHP Warning:  Invalid argument supplied for foreach() in /home/ubuntu/workspace/cst352/hw/hw3/geocode/geo.php on line 77
[05-Oct-2018 04:24:54 UTC] PHP Stack trace:
[05-Oct-2018 04:24:54 UTC] PHP   1. {main}() /home/ubuntu/workspace/cst352/hw/hw3/geocode/geo.php:0
[05-Oct-2018 04:24:57 UTC] PHP Warning:  Invalid argument supplied for foreach() in /home/ubuntu/workspace/cst352/hw/hw3/geocode/geo.php on line 77
[05-Oct-2018 04:24:57 UTC] PHP Stack trace:
[05-Oct-2018 04:24:57 UTC] PHP   1. {main}() /home/ubuntu/workspace/cst352/hw/hw3/geocode/geo.php:0
[05-Oct-2018 04:25:00 UTC] PHP Warning:  Invalid argument supplied for foreach() in /home/ubuntu/workspace/cst352/hw/hw3/geocode/geo.php on line 77
[05-Oct-2018 04:25:00 UTC] PHP Stack trace:
[05-Oct-2018 04:25:00 UTC] PHP   1. {main}() /home/ubuntu/workspace/cst352/hw/hw3/geocode/geo.php:0
[05-Oct-2018 04:25:07 UTC] PHP Warning:  Invalid argument supplied for foreach() in /home/ubuntu/workspace/cst352/hw/hw3/geocode/geo.php on line 77
[05-Oct-2018 04:25:07 UTC] PHP Stack trace:
[05-Oct-2018 04:25:07 UTC] PHP   1. {main}() /home/ubuntu/workspace/cst352/hw/hw3/geocode/geo.php:0
